{"/Users/abudayah/www/iqama-engine/src/dayjs.ts": {"path":"/Users/abudayah/www/iqama-engine/src/dayjs.ts","statementMap":{"0":{"start":{"line":1,"column":0},"end":{"line":1,"column":26}},"1":{"start":{"line":2,"column":0},"end":{"line":2,"column":35}},"2":{"start":{"line":3,"column":0},"end":{"line":3,"column":45}},"3":{"start":{"line":5,"column":0},"end":{"line":5,"column":32}},"4":{"start":{"line":7,"column":0},"end":{"line":7,"column":18}},"5":{"start":{"line":8,"column":0},"end":{"line":8,"column":23}},"6":{"start":{"line":10,"column":0},"end":{"line":10,"column":20}},"7":{"start":{"line":12,"column":0},"end":{"line":12,"column":21}}},"fnMap":{},"branchMap":{},"s":{"0":12,"1":12,"2":12,"3":12,"4":12,"5":12,"6":12,"7":12},"f":{},"b":{}}
,"/Users/abudayah/www/iqama-engine/src/adhan/adhan.adapter.ts": {"path":"/Users/abudayah/www/iqama-engine/src/adhan/adhan.adapter.ts","statementMap":{"0":{"start":{"line":1,"column":0},"end":{"line":1,"column":44}},"1":{"start":{"line":2,"column":0},"end":{"line":2,"column":47}},"2":{"start":{"line":3,"column":0},"end":{"line":3,"column":null}},"3":{"start":{"line":11,"column":0},"end":{"line":11,"column":29}},"4":{"start":{"line":23,"column":7},"end":{"line":52,"column":null}},"5":{"start":{"line":28,"column":31},"end":{"line":28,"column":46}},"6":{"start":{"line":29,"column":4},"end":{"line":29,"column":74}},"7":{"start":{"line":30,"column":4},"end":{"line":30,"column":76}},"8":{"start":{"line":31,"column":4},"end":{"line":31,"column":74}},"9":{"start":{"line":35,"column":24},"end":{"line":35,"column":70}},"10":{"start":{"line":37,"column":19},"end":{"line":37,"column":51}},"11":{"start":{"line":38,"column":4},"end":{"line":38,"column":33}},"12":{"start":{"line":39,"column":4},"end":{"line":39,"column":36}},"13":{"start":{"line":41,"column":15},"end":{"line":41,"column":57}},"14":{"start":{"line":43,"column":4},"end":{"line":50,"column":6}},"15":{"start":{"line":23,"column":13},"end":{"line":23,"column":25}},"16":{"start":{"line":23,"column":13},"end":{"line":52,"column":null}}},"fnMap":{"0":{"name":"(anonymous_3)","decl":{"start":{"line":28,"column":2},"end":{"line":28,"column":31}},"loc":{"start":{"line":28,"column":59},"end":{"line":32,"column":3}}},"1":{"name":"(anonymous_4)","decl":{"start":{"line":34,"column":2},"end":{"line":34,"column":16}},"loc":{"start":{"line":34,"column":27},"end":{"line":51,"column":3}}}},"branchMap":{"0":{"loc":{"start":{"line":28,"column":46},"end":{"line":28,"column":null}},"type":"cond-expr","locations":[{"start":{"line":28,"column":59},"end":{"line":28,"column":null}},{"start":{"line":28,"column":59},"end":{"line":28,"column":null}}]},"1":{"loc":{"start":{"line":28,"column":46},"end":{"line":28,"column":59}},"type":"binary-expr","locations":[{"start":{"line":28,"column":46},"end":{"line":28,"column":null}},{"start":{"line":28,"column":46},"end":{"line":28,"column":59}}]}},"s":{"0":4,"1":4,"2":4,"3":4,"4":4,"5":8,"6":8,"7":8,"8":8,"9":8,"10":8,"11":8,"12":8,"13":8,"14":8,"15":4,"16":4},"f":{"0":8,"1":8},"b":{"0":[4,0],"1":[4,4]}}
,"/Users/abudayah/www/iqama-engine/src/admin/admin.controller.ts": {"path":"/Users/abudayah/www/iqama-engine/src/admin/admin.controller.ts","statementMap":{"0":{"start":{"line":1,"column":0},"end":{"line":1,"column":null}},"1":{"start":{"line":13,"column":0},"end":{"line":13,"column":57}},"2":{"start":{"line":14,"column":0},"end":{"line":14,"column":62}},"3":{"start":{"line":15,"column":0},"end":{"line":15,"column":52}},"4":{"start":{"line":19,"column":7},"end":{"line":93,"column":null}},"5":{"start":{"line":20,"column":31},"end":{"line":20,"column":39}},"6":{"start":{"line":29,"column":21},"end":{"line":37,"column":6}},"7":{"start":{"line":39,"column":4},"end":{"line":39,"column":20}},"8":{"start":{"line":48,"column":22},"end":{"line":50,"column":6}},"9":{"start":{"line":52,"column":4},"end":{"line":52,"column":21}},"10":{"start":{"line":61,"column":21},"end":{"line":63,"column":6}},"11":{"start":{"line":65,"column":4},"end":{"line":67,"column":5}},"12":{"start":{"line":66,"column":6},"end":{"line":66,"column":58}},"13":{"start":{"line":69,"column":4},"end":{"line":69,"column":20}},"14":{"start":{"line":79,"column":4},"end":{"line":81,"column":7}},"15":{"start":{"line":91,"column":4},"end":{"line":91,"column":44}},"16":{"start":{"line":19,"column":13},"end":{"line":19,"column":28}},"17":{"start":{"line":28,"column":8},"end":{"line":40,"column":null}},"18":{"start":{"line":47,"column":8},"end":{"line":53,"column":null}},"19":{"start":{"line":60,"column":8},"end":{"line":70,"column":null}},"20":{"start":{"line":78,"column":8},"end":{"line":82,"column":null}},"21":{"start":{"line":90,"column":8},"end":{"line":92,"column":null}},"22":{"start":{"line":19,"column":13},"end":{"line":93,"column":null}}},"fnMap":{"0":{"name":"(anonymous_4)","decl":{"start":{"line":20,"column":2},"end":{"line":20,"column":31}},"loc":{"start":{"line":20,"column":52},"end":{"line":20,"column":56}}},"1":{"name":"(anonymous_5)","decl":{"start":{"line":28,"column":8},"end":{"line":28,"column":22}},"loc":{"start":{"line":28,"column":53},"end":{"line":40,"column":3}}},"2":{"name":"(anonymous_6)","decl":{"start":{"line":47,"column":8},"end":{"line":47,"column":21}},"loc":{"start":{"line":47,"column":21},"end":{"line":53,"column":3}}},"3":{"name":"(anonymous_7)","decl":{"start":{"line":60,"column":8},"end":{"line":60,"column":19}},"loc":{"start":{"line":60,"column":57},"end":{"line":70,"column":3}}},"4":{"name":"(anonymous_8)","decl":{"start":{"line":78,"column":8},"end":{"line":78,"column":22}},"loc":{"start":{"line":78,"column":60},"end":{"line":82,"column":3}}},"5":{"name":"(anonymous_9)","decl":{"start":{"line":90,"column":8},"end":{"line":90,"column":25}},"loc":{"start":{"line":90,"column":25},"end":{"line":92,"column":3}}}},"branchMap":{"0":{"loc":{"start":{"line":65,"column":4},"end":{"line":67,"column":5}},"type":"if","locations":[{"start":{"line":65,"column":4},"end":{"line":67,"column":5}},{"start":{},"end":{}}]},"1":{"loc":{"start":{"line":28,"column":36},"end":{"line":28,"column":null}},"type":"cond-expr","locations":[{"start":{"line":28,"column":53},"end":{"line":28,"column":null}},{"start":{"line":28,"column":53},"end":{"line":28,"column":null}}]},"2":{"loc":{"start":{"line":28,"column":36},"end":{"line":28,"column":53}},"type":"binary-expr","locations":[{"start":{"line":28,"column":36},"end":{"line":28,"column":null}},{"start":{"line":28,"column":36},"end":{"line":28,"column":53}}]},"3":{"loc":{"start":{"line":20,"column":39},"end":{"line":20,"column":55}},"type":"cond-expr","locations":[{"start":{"line":20,"column":52},"end":{"line":20,"column":55}},{"start":{"line":20,"column":52},"end":{"line":20,"column":55}}]},"4":{"loc":{"start":{"line":20,"column":39},"end":{"line":20,"column":52}},"type":"binary-expr","locations":[{"start":{"line":20,"column":39},"end":{"line":20,"column":55}},{"start":{"line":20,"column":39},"end":{"line":20,"column":52}}]}},"s":{"0":0,"1":0,"2":0,"3":0,"4":0,"5":0,"6":0,"7":0,"8":0,"9":0,"10":0,"11":0,"12":0,"13":0,"14":0,"15":0,"16":0,"17":0,"18":0,"19":0,"20":0,"21":0,"22":0},"f":{"0":0,"1":0,"2":0,"3":0,"4":0,"5":0},"b":{"0":[0,0],"1":[0,0],"2":[0,0],"3":[0,0],"4":[0,0]}}
,"/Users/abudayah/www/iqama-engine/src/auth/api-key.guard.ts": {"path":"/Users/abudayah/www/iqama-engine/src/auth/api-key.guard.ts","statementMap":{"0":{"start":{"line":1,"column":0},"end":{"line":1,"column":null}},"1":{"start":{"line":7,"column":0},"end":{"line":7,"column":47}},"2":{"start":{"line":11,"column":7},"end":{"line":36,"column":null}},"3":{"start":{"line":12,"column":31},"end":{"line":12,"column":46}},"4":{"start":{"line":15,"column":20},"end":{"line":15,"column":64}},"5":{"start":{"line":16,"column":19},"end":{"line":16,"column":47}},"6":{"start":{"line":18,"column":24},"end":{"line":18,"column":71}},"7":{"start":{"line":20,"column":4},"end":{"line":24,"column":5}},"8":{"start":{"line":21,"column":6},"end":{"line":23,"column":8}},"9":{"start":{"line":26,"column":4},"end":{"line":28,"column":5}},"10":{"start":{"line":27,"column":6},"end":{"line":27,"column":61}},"11":{"start":{"line":30,"column":4},"end":{"line":32,"column":5}},"12":{"start":{"line":31,"column":6},"end":{"line":31,"column":57}},"13":{"start":{"line":34,"column":4},"end":{"line":34,"column":16}},"14":{"start":{"line":11,"column":13},"end":{"line":11,"column":24}},"15":{"start":{"line":11,"column":13},"end":{"line":36,"column":null}}},"fnMap":{"0":{"name":"(anonymous_2)","decl":{"start":{"line":12,"column":2},"end":{"line":12,"column":31}},"loc":{"start":{"line":12,"column":59},"end":{"line":12,"column":63}}},"1":{"name":"(anonymous_3)","decl":{"start":{"line":14,"column":2},"end":{"line":14,"column":13}},"loc":{"start":{"line":14,"column":39},"end":{"line":35,"column":3}}}},"branchMap":{"0":{"loc":{"start":{"line":20,"column":4},"end":{"line":24,"column":5}},"type":"if","locations":[{"start":{"line":20,"column":4},"end":{"line":24,"column":5}},{"start":{},"end":{}}]},"1":{"loc":{"start":{"line":26,"column":4},"end":{"line":28,"column":5}},"type":"if","locations":[{"start":{"line":26,"column":4},"end":{"line":28,"column":5}},{"start":{},"end":{}}]},"2":{"loc":{"start":{"line":30,"column":4},"end":{"line":32,"column":5}},"type":"if","locations":[{"start":{"line":30,"column":4},"end":{"line":32,"column":5}},{"start":{},"end":{}}]},"3":{"loc":{"start":{"line":12,"column":46},"end":{"line":12,"column":62}},"type":"cond-expr","locations":[{"start":{"line":12,"column":59},"end":{"line":12,"column":62}},{"start":{"line":12,"column":59},"end":{"line":12,"column":62}}]},"4":{"loc":{"start":{"line":12,"column":46},"end":{"line":12,"column":59}},"type":"binary-expr","locations":[{"start":{"line":12,"column":46},"end":{"line":12,"column":62}},{"start":{"line":12,"column":46},"end":{"line":12,"column":59}}]}},"s":{"0":1,"1":1,"2":1,"3":6,"4":9,"5":9,"6":9,"7":9,"8":2,"9":7,"10":4,"11":3,"12":2,"13":1,"14":1,"15":1},"f":{"0":6,"1":9},"b":{"0":[2,7],"1":[4,3],"2":[2,1],"3":[1,0],"4":[1,1]}}
,"/Users/abudayah/www/iqama-engine/src/config/app.config.ts": {"path":"/Users/abudayah/www/iqama-engine/src/config/app.config.ts","statementMap":{"0":{"start":{"line":1,"column":0},"end":{"line":1,"column":44}},"1":{"start":{"line":3,"column":13},"end":{"line":9,"column":4}},"2":{"start":{"line":3,"column":50},"end":{"line":9,"column":2}}},"fnMap":{"0":{"name":"(anonymous_0)","decl":{"start":{"line":3,"column":43},"end":{"line":3,"column":46}},"loc":{"start":{"line":3,"column":50},"end":{"line":9,"column":2}}}},"branchMap":{"0":{"loc":{"start":{"line":5,"column":29},"end":{"line":5,"column":72}},"type":"binary-expr","locations":[{"start":{"line":5,"column":29},"end":{"line":5,"column":56}},{"start":{"line":5,"column":60},"end":{"line":5,"column":72}}]},"1":{"loc":{"start":{"line":6,"column":30},"end":{"line":6,"column":76}},"type":"binary-expr","locations":[{"start":{"line":6,"column":30},"end":{"line":6,"column":58}},{"start":{"line":6,"column":62},"end":{"line":6,"column":76}}]},"2":{"loc":{"start":{"line":7,"column":18},"end":{"line":7,"column":68}},"type":"binary-expr","locations":[{"start":{"line":7,"column":18},"end":{"line":7,"column":45}},{"start":{"line":7,"column":49},"end":{"line":7,"column":68}}]}},"s":{"0":1,"1":1,"2":4},"f":{"0":4},"b":{"0":[4,1],"1":[4,1],"2":[4,3]}}
,"/Users/abudayah/www/iqama-engine/src/health/health.controller.ts": {"path":"/Users/abudayah/www/iqama-engine/src/health/health.controller.ts","statementMap":{"0":{"start":{"line":1,"column":0},"end":{"line":1,"column":49}},"1":{"start":{"line":2,"column":0},"end":{"line":2,"column":57}},"2":{"start":{"line":5,"column":7},"end":{"line":34,"column":null}},"3":{"start":{"line":6,"column":31},"end":{"line":6,"column":39}},"4":{"start":{"line":10,"column":4},"end":{"line":32,"column":5}},"5":{"start":{"line":12,"column":6},"end":{"line":12,"column":44}},"6":{"start":{"line":14,"column":6},"end":{"line":21,"column":8}},"7":{"start":{"line":23,"column":6},"end":{"line":31,"column":8}},"8":{"start":{"line":5,"column":13},"end":{"line":5,"column":29}},"9":{"start":{"line":9,"column":8},"end":{"line":33,"column":null}},"10":{"start":{"line":5,"column":13},"end":{"line":34,"column":null}}},"fnMap":{"0":{"name":"(anonymous_2)","decl":{"start":{"line":6,"column":2},"end":{"line":6,"column":31}},"loc":{"start":{"line":6,"column":52},"end":{"line":6,"column":56}}},"1":{"name":"(anonymous_3)","decl":{"start":{"line":9,"column":8},"end":{"line":9,"column":13}},"loc":{"start":{"line":9,"column":13},"end":{"line":33,"column":3}}}},"branchMap":{"0":{"loc":{"start":{"line":30,"column":15},"end":{"line":30,"column":71}},"type":"cond-expr","locations":[{"start":{"line":30,"column":40},"end":{"line":30,"column":53}},{"start":{"line":30,"column":56},"end":{"line":30,"column":71}}]},"1":{"loc":{"start":{"line":6,"column":39},"end":{"line":6,"column":55}},"type":"cond-expr","locations":[{"start":{"line":6,"column":52},"end":{"line":6,"column":55}},{"start":{"line":6,"column":52},"end":{"line":6,"column":55}}]},"2":{"loc":{"start":{"line":6,"column":39},"end":{"line":6,"column":52}},"type":"binary-expr","locations":[{"start":{"line":6,"column":39},"end":{"line":6,"column":55}},{"start":{"line":6,"column":39},"end":{"line":6,"column":52}}]}},"s":{"0":1,"1":1,"2":1,"3":4,"4":3,"5":3,"6":1,"7":2,"8":1,"9":1,"10":1},"f":{"0":4,"1":3},"b":{"0":[1,1],"1":[1,0],"2":[1,1]}}
,"/Users/abudayah/www/iqama-engine/src/override/override.service.ts": {"path":"/Users/abudayah/www/iqama-engine/src/override/override.service.ts","statementMap":{"0":{"start":{"line":1,"column":0},"end":{"line":1,"column":44}},"1":{"start":{"line":3,"column":0},"end":{"line":3,"column":57}},"2":{"start":{"line":5,"column":0},"end":{"line":5,"column":68}},"3":{"start":{"line":19,"column":7},"end":{"line":68,"column":null}},"4":{"start":{"line":20,"column":31},"end":{"line":20,"column":39}},"5":{"start":{"line":24,"column":20},"end":{"line":24,"column":53}},"6":{"start":{"line":26,"column":4},"end":{"line":31,"column":7}},"7":{"start":{"line":46,"column":19},"end":{"line":46,"column":41}},"8":{"start":{"line":47,"column":23},"end":{"line":47,"column":28}},"9":{"start":{"line":49,"column":4},"end":{"line":64,"column":5}},"10":{"start":{"line":50,"column":21},"end":{"line":50,"column":56}},"11":{"start":{"line":51,"column":6},"end":{"line":63,"column":7}},"12":{"start":{"line":52,"column":8},"end":{"line":52,"column":40}},"13":{"start":{"line":53,"column":8},"end":{"line":53,"column":28}},"14":{"start":{"line":54,"column":13},"end":{"line":63,"column":7}},"15":{"start":{"line":55,"column":21},"end":{"line":55,"column":41}},"16":{"start":{"line":56,"column":8},"end":{"line":62,"column":9}},"17":{"start":{"line":57,"column":32},"end":{"line":57,"column":60}},"18":{"start":{"line":58,"column":10},"end":{"line":60,"column":12}},"19":{"start":{"line":61,"column":10},"end":{"line":61,"column":30}},"20":{"start":{"line":66,"column":4},"end":{"line":66,"column":48}},"21":{"start":{"line":19,"column":13},"end":{"line":19,"column":28}},"22":{"start":{"line":19,"column":13},"end":{"line":68,"column":null}}},"fnMap":{"0":{"name":"(anonymous_2)","decl":{"start":{"line":20,"column":2},"end":{"line":20,"column":31}},"loc":{"start":{"line":20,"column":52},"end":{"line":20,"column":56}}},"1":{"name":"(anonymous_3)","decl":{"start":{"line":22,"column":2},"end":{"line":22,"column":7}},"loc":{"start":{"line":22,"column":40},"end":{"line":32,"column":3}}},"2":{"name":"(anonymous_4)","decl":{"start":{"line":41,"column":2},"end":{"line":41,"column":16}},"loc":{"start":{"line":44,"column":25},"end":{"line":67,"column":3}}}},"branchMap":{"0":{"loc":{"start":{"line":51,"column":6},"end":{"line":63,"column":7}},"type":"if","locations":[{"start":{"line":51,"column":6},"end":{"line":63,"column":7}},{"start":{"line":54,"column":13},"end":{"line":63,"column":7}}]},"1":{"loc":{"start":{"line":54,"column":13},"end":{"line":63,"column":7}},"type":"if","locations":[{"start":{"line":54,"column":13},"end":{"line":63,"column":7}},{"start":{},"end":{}}]},"2":{"loc":{"start":{"line":56,"column":8},"end":{"line":62,"column":9}},"type":"if","locations":[{"start":{"line":56,"column":8},"end":{"line":62,"column":9}},{"start":{},"end":{}}]},"3":{"loc":{"start":{"line":20,"column":39},"end":{"line":20,"column":55}},"type":"cond-expr","locations":[{"start":{"line":20,"column":52},"end":{"line":20,"column":55}},{"start":{"line":20,"column":52},"end":{"line":20,"column":55}}]},"4":{"loc":{"start":{"line":20,"column":39},"end":{"line":20,"column":52}},"type":"binary-expr","locations":[{"start":{"line":20,"column":39},"end":{"line":20,"column":55}},{"start":{"line":20,"column":39},"end":{"line":20,"column":52}}]}},"s":{"0":4,"1":4,"2":4,"3":4,"4":9,"5":2,"6":2,"7":6,"8":6,"9":6,"10":6,"11":6,"12":4,"13":4,"14":2,"15":1,"16":1,"17":1,"18":1,"19":1,"20":6,"21":4,"22":4},"f":{"0":9,"1":2,"2":6},"b":{"0":[4,2],"1":[1,1],"2":[1,0],"3":[4,0],"4":[4,4]}}
,"/Users/abudayah/www/iqama-engine/src/prisma/prisma.service.ts": {"path":"/Users/abudayah/www/iqama-engine/src/prisma/prisma.service.ts","statementMap":{"0":{"start":{"line":1,"column":0},"end":{"line":1,"column":75}},"1":{"start":{"line":2,"column":0},"end":{"line":2,"column":47}},"2":{"start":{"line":3,"column":0},"end":{"line":3,"column":46}},"3":{"start":{"line":4,"column":0},"end":{"line":4,"column":56}},"4":{"start":{"line":7,"column":7},"end":{"line":39,"column":null}},"5":{"start":{"line":12,"column":24},"end":{"line":12,"column":65}},"6":{"start":{"line":14,"column":4},"end":{"line":16,"column":5}},"7":{"start":{"line":15,"column":6},"end":{"line":15,"column":53}},"8":{"start":{"line":18,"column":16},"end":{"line":18,"column":36}},"9":{"start":{"line":20,"column":20},"end":{"line":27,"column":6}},"10":{"start":{"line":29,"column":4},"end":{"line":29,"column":23}},"11":{"start":{"line":33,"column":4},"end":{"line":33,"column":26}},"12":{"start":{"line":37,"column":4},"end":{"line":37,"column":29}},"13":{"start":{"line":7,"column":13},"end":{"line":7,"column":26}},"14":{"start":{"line":7,"column":13},"end":{"line":39,"column":null}}},"fnMap":{"0":{"name":"(anonymous_2)","decl":{"start":{"line":11,"column":2},"end":{"line":11,"column":14}},"loc":{"start":{"line":11,"column":42},"end":{"line":30,"column":3}}},"1":{"name":"(anonymous_3)","decl":{"start":{"line":32,"column":2},"end":{"line":32,"column":7}},"loc":{"start":{"line":32,"column":20},"end":{"line":34,"column":3}}},"2":{"name":"(anonymous_4)","decl":{"start":{"line":36,"column":2},"end":{"line":36,"column":7}},"loc":{"start":{"line":36,"column":23},"end":{"line":38,"column":3}}}},"branchMap":{"0":{"loc":{"start":{"line":14,"column":4},"end":{"line":16,"column":5}},"type":"if","locations":[{"start":{"line":14,"column":4},"end":{"line":16,"column":5}},{"start":{},"end":{}}]},"1":{"loc":{"start":{"line":22,"column":12},"end":{"line":22,"column":38}},"type":"binary-expr","locations":[{"start":{"line":22,"column":12},"end":{"line":22,"column":30}},{"start":{"line":22,"column":34},"end":{"line":22,"column":38}}]},"2":{"loc":{"start":{"line":11,"column":29},"end":{"line":11,"column":null}},"type":"cond-expr","locations":[{"start":{"line":11,"column":42},"end":{"line":11,"column":null}},{"start":{"line":11,"column":42},"end":{"line":11,"column":null}}]},"3":{"loc":{"start":{"line":11,"column":29},"end":{"line":11,"column":42}},"type":"binary-expr","locations":[{"start":{"line":11,"column":29},"end":{"line":11,"column":null}},{"start":{"line":11,"column":29},"end":{"line":11,"column":42}}]}},"s":{"0":6,"1":6,"2":6,"3":6,"4":6,"5":7,"6":7,"7":1,"8":6,"9":6,"10":6,"11":1,"12":1,"13":6,"14":6},"f":{"0":7,"1":1,"2":1},"b":{"0":[1,6],"1":[6,1],"2":[6,0],"3":[6,6]}}
,"/Users/abudayah/www/iqama-engine/src/rules/asr.rule.ts": {"path":"/Users/abudayah/www/iqama-engine/src/rules/asr.rule.ts","statementMap":{"0":{"start":{"line":15,"column":0},"end":{"line":15,"column":16}},"1":{"start":{"line":16,"column":16},"end":{"line":16,"column":35}},"2":{"start":{"line":17,"column":14},"end":{"line":17,"column":28}},"3":{"start":{"line":20,"column":2},"end":{"line":26,"column":3}},"4":{"start":{"line":25,"column":4},"end":{"line":25,"column":19}},"5":{"start":{"line":29,"column":2},"end":{"line":35,"column":3}},"6":{"start":{"line":34,"column":4},"end":{"line":34,"column":19}},"7":{"start":{"line":38,"column":2},"end":{"line":44,"column":3}},"8":{"start":{"line":43,"column":4},"end":{"line":43,"column":19}},"9":{"start":{"line":47,"column":2},"end":{"line":47,"column":17}}},"fnMap":{"0":{"name":"computeAsrIqama","decl":{"start":{"line":15,"column":16},"end":{"line":15,"column":31}},"loc":{"start":{"line":15,"column":46},"end":{"line":48,"column":1}}}},"branchMap":{"0":{"loc":{"start":{"line":20,"column":2},"end":{"line":26,"column":3}},"type":"if","locations":[{"start":{"line":20,"column":2},"end":{"line":26,"column":3}},{"start":{},"end":{}}]},"1":{"loc":{"start":{"line":21,"column":4},"end":{"line":23,"column":30}},"type":"binary-expr","locations":[{"start":{"line":21,"column":5},"end":{"line":21,"column":16}},{"start":{"line":21,"column":20},"end":{"line":21,"column":29}},{"start":{"line":22,"column":5},"end":{"line":22,"column":15}},{"start":{"line":22,"column":19},"end":{"line":22,"column":29}},{"start":{"line":23,"column":5},"end":{"line":23,"column":16}},{"start":{"line":23,"column":20},"end":{"line":23,"column":29}}]},"2":{"loc":{"start":{"line":29,"column":2},"end":{"line":35,"column":3}},"type":"if","locations":[{"start":{"line":29,"column":2},"end":{"line":35,"column":3}},{"start":{},"end":{}}]},"3":{"loc":{"start":{"line":30,"column":4},"end":{"line":32,"column":31}},"type":"binary-expr","locations":[{"start":{"line":30,"column":5},"end":{"line":30,"column":16}},{"start":{"line":30,"column":20},"end":{"line":30,"column":29}},{"start":{"line":31,"column":4},"end":{"line":31,"column":16}},{"start":{"line":32,"column":5},"end":{"line":32,"column":17}},{"start":{"line":32,"column":21},"end":{"line":32,"column":30}}]},"4":{"loc":{"start":{"line":38,"column":2},"end":{"line":44,"column":3}},"type":"if","locations":[{"start":{"line":38,"column":2},"end":{"line":44,"column":3}},{"start":{},"end":{}}]},"5":{"loc":{"start":{"line":39,"column":4},"end":{"line":41,"column":30}},"type":"binary-expr","locations":[{"start":{"line":39,"column":5},"end":{"line":39,"column":17}},{"start":{"line":39,"column":21},"end":{"line":39,"column":30}},{"start":{"line":40,"column":4},"end":{"line":40,"column":16}},{"start":{"line":41,"column":5},"end":{"line":41,"column":16}},{"start":{"line":41,"column":20},"end":{"line":41,"column":29}}]}},"s":{"0":5,"1":24,"2":24,"3":24,"4":7,"5":17,"6":5,"7":12,"8":6,"9":6},"f":{"0":24},"b":{"0":[7,17],"1":[24,3,23,15,18,3],"2":[5,12],"3":[17,2,15,14,4],"4":[6,6],"5":[12,2,10,8,4]}}
,"/Users/abudayah/www/iqama-engine/src/rules/dhuhr.rule.ts": {"path":"/Users/abudayah/www/iqama-engine/src/rules/dhuhr.rule.ts","statementMap":{"0":{"start":{"line":10,"column":0},"end":{"line":10,"column":16}},"1":{"start":{"line":20,"column":0},"end":{"line":20,"column":16}},"2":{"start":{"line":1,"column":0},"end":{"line":1,"column":29}},"3":{"start":{"line":11,"column":12},"end":{"line":11,"column":30}},"4":{"start":{"line":12,"column":15},"end":{"line":12,"column":32}},"5":{"start":{"line":13,"column":16},"end":{"line":13,"column":48}},"6":{"start":{"line":14,"column":2},"end":{"line":14,"column":35}},"7":{"start":{"line":21,"column":12},"end":{"line":21,"column":30}},"8":{"start":{"line":22,"column":15},"end":{"line":22,"column":32}},"9":{"start":{"line":23,"column":2},"end":{"line":23,"column":42}}},"fnMap":{"0":{"name":"computeDhuhrIqama","decl":{"start":{"line":10,"column":16},"end":{"line":10,"column":33}},"loc":{"start":{"line":10,"column":58},"end":{"line":15,"column":1}}},"1":{"name":"isDstActive","decl":{"start":{"line":20,"column":16},"end":{"line":20,"column":27}},"loc":{"start":{"line":20,"column":52},"end":{"line":24,"column":1}}}},"branchMap":{"0":{"loc":{"start":{"line":14,"column":9},"end":{"line":14,"column":34}},"type":"cond-expr","locations":[{"start":{"line":14,"column":17},"end":{"line":14,"column":24}},{"start":{"line":14,"column":27},"end":{"line":14,"column":34}}]}},"s":{"0":5,"1":5,"2":5,"3":7,"4":7,"5":7,"6":7,"7":185,"8":185,"9":185},"f":{"0":7,"1":185},"b":{"0":[4,3]}}
,"/Users/abudayah/www/iqama-engine/src/rules/fajr.rule.ts": {"path":"/Users/abudayah/www/iqama-engine/src/rules/fajr.rule.ts","statementMap":{"0":{"start":{"line":20,"column":0},"end":{"line":20,"column":16}},"1":{"start":{"line":2,"column":0},"end":{"line":2,"column":61}},"2":{"start":{"line":22,"column":24},"end":{"line":22,"column":50}},"3":{"start":{"line":23,"column":23},"end":{"line":23,"column":48}},"4":{"start":{"line":25,"column":19},"end":{"line":25,"column":50}},"5":{"start":{"line":26,"column":27},"end":{"line":26,"column":62}},"6":{"start":{"line":28,"column":19},"end":{"line":30,"column":22}},"7":{"start":{"line":32,"column":21},"end":{"line":32,"column":52}},"8":{"start":{"line":33,"column":2},"end":{"line":35,"column":3}},"9":{"start":{"line":34,"column":4},"end":{"line":34,"column":28}},"10":{"start":{"line":37,"column":2},"end":{"line":37,"column":51}}},"fnMap":{"0":{"name":"computeFajrIqama","decl":{"start":{"line":20,"column":16},"end":{"line":20,"column":32}},"loc":{"start":{"line":20,"column":64},"end":{"line":38,"column":1}}}},"branchMap":{"0":{"loc":{"start":{"line":28,"column":19},"end":{"line":30,"column":22}},"type":"cond-expr","locations":[{"start":{"line":29,"column":6},"end":{"line":29,"column":14}},{"start":{"line":30,"column":6},"end":{"line":30,"column":22}}]},"1":{"loc":{"start":{"line":33,"column":2},"end":{"line":35,"column":3}},"type":"if","locations":[{"start":{"line":33,"column":2},"end":{"line":35,"column":3}},{"start":{},"end":{}}]}},"s":{"0":5,"1":5,"2":8,"3":8,"4":8,"5":8,"6":8,"7":8,"8":8,"9":1,"10":8},"f":{"0":8},"b":{"0":[3,5],"1":[1,7]}}
,"/Users/abudayah/www/iqama-engine/src/rules/isha.rule.ts": {"path":"/Users/abudayah/www/iqama-engine/src/rules/isha.rule.ts","statementMap":{"0":{"start":{"line":12,"column":0},"end":{"line":12,"column":16}},"1":{"start":{"line":2,"column":0},"end":{"line":2,"column":61}},"2":{"start":{"line":14,"column":24},"end":{"line":14,"column":50}},"3":{"start":{"line":16,"column":15},"end":{"line":16,"column":35}},"4":{"start":{"line":17,"column":17},"end":{"line":17,"column":39}},"5":{"start":{"line":18,"column":23},"end":{"line":18,"column":41}},"6":{"start":{"line":20,"column":23},"end":{"line":20,"column":35}},"7":{"start":{"line":21,"column":23},"end":{"line":21,"column":30}},"8":{"start":{"line":24,"column":2},"end":{"line":31,"column":3}},"9":{"start":{"line":25,"column":4},"end":{"line":25,"column":12}},"10":{"start":{"line":26,"column":9},"end":{"line":31,"column":3}},"11":{"start":{"line":27,"column":4},"end":{"line":27,"column":13}},"12":{"start":{"line":29,"column":29},"end":{"line":29,"column":56}},"13":{"start":{"line":30,"column":4},"end":{"line":30,"column":45}},"14":{"start":{"line":33,"column":21},"end":{"line":33,"column":36}},"15":{"start":{"line":34,"column":17},"end":{"line":34,"column":75}},"16":{"start":{"line":36,"column":2},"end":{"line":36,"column":28}}},"fnMap":{"0":{"name":"computeIshaIqama","decl":{"start":{"line":12,"column":16},"end":{"line":12,"column":32}},"loc":{"start":{"line":12,"column":48},"end":{"line":37,"column":1}}}},"branchMap":{"0":{"loc":{"start":{"line":24,"column":2},"end":{"line":31,"column":3}},"type":"if","locations":[{"start":{"line":24,"column":2},"end":{"line":31,"column":3}},{"start":{"line":26,"column":9},"end":{"line":31,"column":3}}]},"1":{"loc":{"start":{"line":26,"column":9},"end":{"line":31,"column":3}},"type":"if","locations":[{"start":{"line":26,"column":9},"end":{"line":31,"column":3}},{"start":{"line":28,"column":9},"end":{"line":31,"column":3}}]}},"s":{"0":5,"1":5,"2":10,"3":10,"4":10,"5":10,"6":10,"7":10,"8":10,"9":2,"10":8,"11":3,"12":5,"13":5,"14":10,"15":10,"16":10},"f":{"0":10},"b":{"0":[2,8],"1":[3,5]}}
,"/Users/abudayah/www/iqama-engine/src/rules/maghrib.rule.ts": {"path":"/Users/abudayah/www/iqama-engine/src/rules/maghrib.rule.ts","statementMap":{"0":{"start":{"line":10,"column":0},"end":{"line":10,"column":16}},"1":{"start":{"line":2,"column":0},"end":{"line":2,"column":61}},"2":{"start":{"line":12,"column":27},"end":{"line":12,"column":56}},"3":{"start":{"line":13,"column":2},"end":{"line":13,"column":74}}},"fnMap":{"0":{"name":"computeMaghribIqama","decl":{"start":{"line":10,"column":16},"end":{"line":10,"column":35}},"loc":{"start":{"line":10,"column":54},"end":{"line":14,"column":1}}}},"branchMap":{},"s":{"0":5,"1":5,"2":8,"3":8},"f":{"0":8},"b":{}}
,"/Users/abudayah/www/iqama-engine/src/rules/rules.service.ts": {"path":"/Users/abudayah/www/iqama-engine/src/rules/rules.service.ts","statementMap":{"0":{"start":{"line":1,"column":0},"end":{"line":1,"column":44}},"1":{"start":{"line":2,"column":0},"end":{"line":2,"column":47}},"2":{"start":{"line":4,"column":0},"end":{"line":4,"column":47}},"3":{"start":{"line":5,"column":0},"end":{"line":5,"column":49}},"4":{"start":{"line":6,"column":0},"end":{"line":6,"column":45}},"5":{"start":{"line":7,"column":0},"end":{"line":7,"column":53}},"6":{"start":{"line":8,"column":0},"end":{"line":8,"column":47}},"7":{"start":{"line":19,"column":7},"end":{"line":50,"column":null}},"8":{"start":{"line":22,"column":31},"end":{"line":22,"column":46}},"9":{"start":{"line":23,"column":4},"end":{"line":23,"column":74}},"10":{"start":{"line":34,"column":17},"end":{"line":34,"column":56}},"11":{"start":{"line":37,"column":18},"end":{"line":37,"column":56}},"12":{"start":{"line":40,"column":16},"end":{"line":40,"column":40}},"13":{"start":{"line":43,"column":20},"end":{"line":43,"column":52}},"14":{"start":{"line":46,"column":17},"end":{"line":46,"column":43}},"15":{"start":{"line":48,"column":4},"end":{"line":48,"column":47}},"16":{"start":{"line":19,"column":13},"end":{"line":19,"column":25}},"17":{"start":{"line":19,"column":13},"end":{"line":50,"column":null}}},"fnMap":{"0":{"name":"(anonymous_2)","decl":{"start":{"line":22,"column":2},"end":{"line":22,"column":31}},"loc":{"start":{"line":22,"column":59},"end":{"line":24,"column":3}}},"1":{"name":"(anonymous_3)","decl":{"start":{"line":32,"column":2},"end":{"line":32,"column":14}},"loc":{"start":{"line":32,"column":48},"end":{"line":49,"column":3}}}},"branchMap":{"0":{"loc":{"start":{"line":22,"column":46},"end":{"line":22,"column":null}},"type":"cond-expr","locations":[{"start":{"line":22,"column":59},"end":{"line":22,"column":null}},{"start":{"line":22,"column":59},"end":{"line":22,"column":null}}]},"1":{"loc":{"start":{"line":22,"column":46},"end":{"line":22,"column":59}},"type":"binary-expr","locations":[{"start":{"line":22,"column":46},"end":{"line":22,"column":null}},{"start":{"line":22,"column":46},"end":{"line":22,"column":59}}]}},"s":{"0":4,"1":4,"2":4,"3":4,"4":4,"5":4,"6":4,"7":4,"8":4,"9":4,"10":3,"11":3,"12":3,"13":3,"14":3,"15":3,"16":4,"17":4},"f":{"0":4,"1":3},"b":{"0":[4,0],"1":[4,4]}}
,"/Users/abudayah/www/iqama-engine/src/rules/time-utils.ts": {"path":"/Users/abudayah/www/iqama-engine/src/rules/time-utils.ts","statementMap":{"0":{"start":{"line":7,"column":0},"end":{"line":7,"column":16}},"1":{"start":{"line":19,"column":0},"end":{"line":19,"column":16}},"2":{"start":{"line":32,"column":0},"end":{"line":32,"column":16}},"3":{"start":{"line":8,"column":12},"end":{"line":8,"column":29}},"4":{"start":{"line":9,"column":12},"end":{"line":9,"column":29}},"5":{"start":{"line":10,"column":23},"end":{"line":10,"column":42}},"6":{"start":{"line":11,"column":18},"end":{"line":11,"column":49}},"7":{"start":{"line":12,"column":2},"end":{"line":12,"column":62}},"8":{"start":{"line":20,"column":12},"end":{"line":20,"column":29}},"9":{"start":{"line":21,"column":12},"end":{"line":21,"column":29}},"10":{"start":{"line":22,"column":23},"end":{"line":22,"column":42}},"11":{"start":{"line":23,"column":18},"end":{"line":23,"column":51}},"12":{"start":{"line":24,"column":2},"end":{"line":24,"column":62}},"13":{"start":{"line":33,"column":2},"end":{"line":33,"column":34}}},"fnMap":{"0":{"name":"ceilingToNearest5","decl":{"start":{"line":7,"column":16},"end":{"line":7,"column":33}},"loc":{"start":{"line":7,"column":49},"end":{"line":13,"column":1}}},"1":{"name":"ceilingToNearest30","decl":{"start":{"line":19,"column":16},"end":{"line":19,"column":34}},"loc":{"start":{"line":19,"column":50},"end":{"line":25,"column":1}}},"2":{"name":"formatHHmm","decl":{"start":{"line":32,"column":16},"end":{"line":32,"column":26}},"loc":{"start":{"line":32,"column":42},"end":{"line":34,"column":1}}}},"branchMap":{"0":{"loc":{"start":{"line":10,"column":28},"end":{"line":10,"column":41}},"type":"cond-expr","locations":[{"start":{"line":10,"column":36},"end":{"line":10,"column":37}},{"start":{"line":10,"column":40},"end":{"line":10,"column":41}}]},"1":{"loc":{"start":{"line":22,"column":28},"end":{"line":22,"column":41}},"type":"cond-expr","locations":[{"start":{"line":22,"column":36},"end":{"line":22,"column":37}},{"start":{"line":22,"column":40},"end":{"line":22,"column":41}}]}},"s":{"0":9,"1":9,"2":9,"3":35,"4":35,"5":35,"6":35,"7":35,"8":11,"9":11,"10":11,"11":11,"12":11,"13":1125},"f":{"0":35,"1":11,"2":1125},"b":{"0":[0,35],"1":[2,9]}}
,"/Users/abudayah/www/iqama-engine/src/schedule/schedule.controller.ts": {"path":"/Users/abudayah/www/iqama-engine/src/schedule/schedule.controller.ts","statementMap":{"0":{"start":{"line":1,"column":0},"end":{"line":1,"column":77}},"1":{"start":{"line":2,"column":0},"end":{"line":2,"column":53}},"2":{"start":{"line":3,"column":0},"end":{"line":3,"column":60}},"3":{"start":{"line":7,"column":7},"end":{"line":50,"column":null}},"4":{"start":{"line":8,"column":31},"end":{"line":8,"column":48}},"5":{"start":{"line":14,"column":43},"end":{"line":14,"column":48}},"6":{"start":{"line":17,"column":4},"end":{"line":21,"column":5}},"7":{"start":{"line":18,"column":6},"end":{"line":20,"column":8}},"8":{"start":{"line":24,"column":4},"end":{"line":28,"column":5}},"9":{"start":{"line":25,"column":6},"end":{"line":27,"column":8}},"10":{"start":{"line":31,"column":4},"end":{"line":35,"column":5}},"11":{"start":{"line":32,"column":6},"end":{"line":34,"column":8}},"12":{"start":{"line":38,"column":4},"end":{"line":42,"column":5}},"13":{"start":{"line":39,"column":6},"end":{"line":41,"column":8}},"14":{"start":{"line":44,"column":4},"end":{"line":46,"column":5}},"15":{"start":{"line":45,"column":6},"end":{"line":45,"column":59}},"16":{"start":{"line":48,"column":4},"end":{"line":48,"column":76}},"17":{"start":{"line":7,"column":13},"end":{"line":7,"column":31}},"18":{"start":{"line":11,"column":8},"end":{"line":49,"column":null}},"19":{"start":{"line":7,"column":13},"end":{"line":50,"column":null}}},"fnMap":{"0":{"name":"(anonymous_4)","decl":{"start":{"line":8,"column":2},"end":{"line":8,"column":31}},"loc":{"start":{"line":8,"column":63},"end":{"line":8,"column":67}}},"1":{"name":"(anonymous_5)","decl":{"start":{"line":11,"column":8},"end":{"line":11,"column":19}},"loc":{"start":{"line":12,"column":36},"end":{"line":49,"column":3}}}},"branchMap":{"0":{"loc":{"start":{"line":17,"column":4},"end":{"line":21,"column":5}},"type":"if","locations":[{"start":{"line":17,"column":4},"end":{"line":21,"column":5}},{"start":{},"end":{}}]},"1":{"loc":{"start":{"line":17,"column":8},"end":{"line":17,"column":40}},"type":"binary-expr","locations":[{"start":{"line":17,"column":8},"end":{"line":17,"column":12}},{"start":{"line":17,"column":17},"end":{"line":17,"column":27}},{"start":{"line":17,"column":31},"end":{"line":17,"column":39}}]},"2":{"loc":{"start":{"line":24,"column":4},"end":{"line":28,"column":5}},"type":"if","locations":[{"start":{"line":24,"column":4},"end":{"line":28,"column":5}},{"start":{},"end":{}}]},"3":{"loc":{"start":{"line":24,"column":8},"end":{"line":24,"column":62}},"type":"binary-expr","locations":[{"start":{"line":24,"column":9},"end":{"line":24,"column":19}},{"start":{"line":24,"column":23},"end":{"line":24,"column":32}},{"start":{"line":24,"column":38},"end":{"line":24,"column":49}},{"start":{"line":24,"column":53},"end":{"line":24,"column":61}}]},"4":{"loc":{"start":{"line":31,"column":4},"end":{"line":35,"column":5}},"type":"if","locations":[{"start":{"line":31,"column":4},"end":{"line":35,"column":5}},{"start":{},"end":{}}]},"5":{"loc":{"start":{"line":31,"column":8},"end":{"line":31,"column":41}},"type":"binary-expr","locations":[{"start":{"line":31,"column":8},"end":{"line":31,"column":13}},{"start":{"line":31,"column":17},"end":{"line":31,"column":28}},{"start":{"line":31,"column":32},"end":{"line":31,"column":41}}]},"6":{"loc":{"start":{"line":38,"column":4},"end":{"line":42,"column":5}},"type":"if","locations":[{"start":{"line":38,"column":4},"end":{"line":42,"column":5}},{"start":{},"end":{}}]},"7":{"loc":{"start":{"line":38,"column":8},"end":{"line":38,"column":55}},"type":"binary-expr","locations":[{"start":{"line":38,"column":8},"end":{"line":38,"column":18}},{"start":{"line":38,"column":22},"end":{"line":38,"column":30}},{"start":{"line":38,"column":34},"end":{"line":38,"column":55}}]},"8":{"loc":{"start":{"line":44,"column":4},"end":{"line":46,"column":5}},"type":"if","locations":[{"start":{"line":44,"column":4},"end":{"line":46,"column":5}},{"start":{},"end":{}}]},"9":{"loc":{"start":{"line":12,"column":20},"end":{"line":12,"column":null}},"type":"cond-expr","locations":[{"start":{"line":12,"column":36},"end":{"line":12,"column":null}},{"start":{"line":12,"column":36},"end":{"line":12,"column":null}}]},"10":{"loc":{"start":{"line":12,"column":20},"end":{"line":12,"column":36}},"type":"binary-expr","locations":[{"start":{"line":12,"column":20},"end":{"line":12,"column":null}},{"start":{"line":12,"column":20},"end":{"line":12,"column":36}}]},"11":{"loc":{"start":{"line":13,"column":5},"end":{"line":13,"column":null}},"type":"cond-expr","locations":[{"start":{"line":13,"column":12},"end":{"line":13,"column":null}},{"start":{"line":13,"column":12},"end":{"line":13,"column":null}}]},"12":{"loc":{"start":{"line":13,"column":5},"end":{"line":13,"column":12}},"type":"binary-expr","locations":[{"start":{"line":13,"column":5},"end":{"line":13,"column":null}},{"start":{"line":13,"column":5},"end":{"line":13,"column":12}}]},"13":{"loc":{"start":{"line":8,"column":48},"end":{"line":8,"column":66}},"type":"cond-expr","locations":[{"start":{"line":8,"column":63},"end":{"line":8,"column":66}},{"start":{"line":8,"column":63},"end":{"line":8,"column":66}}]},"14":{"loc":{"start":{"line":8,"column":48},"end":{"line":8,"column":63}},"type":"binary-expr","locations":[{"start":{"line":8,"column":48},"end":{"line":8,"column":66}},{"start":{"line":8,"column":48},"end":{"line":8,"column":63}}]}},"s":{"0":1,"1":1,"2":1,"3":1,"4":10,"5":16,"6":16,"7":6,"8":10,"9":4,"10":6,"11":2,"12":4,"13":2,"14":2,"15":1,"16":1,"17":1,"18":1,"19":1},"f":{"0":10,"1":16},"b":{"0":[6,10],"1":[16,7,3],"2":[4,6],"3":[10,5,8,5],"4":[2,4],"5":[6,5,2],"6":[2,2],"7":[4,3,3],"8":[1,1],"9":[1,0],"10":[1,1],"11":[1,0],"12":[1,1],"13":[1,0],"14":[1,1]}}
,"/Users/abudayah/www/iqama-engine/src/schedule/schedule.service.ts": {"path":"/Users/abudayah/www/iqama-engine/src/schedule/schedule.service.ts","statementMap":{"0":{"start":{"line":1,"column":0},"end":{"line":1,"column":63}},"1":{"start":{"line":2,"column":0},"end":{"line":2,"column":29}},"2":{"start":{"line":3,"column":0},"end":{"line":3,"column":86}},"3":{"start":{"line":7,"column":7},"end":{"line":45,"column":null}},"4":{"start":{"line":8,"column":31},"end":{"line":8,"column":48}},"5":{"start":{"line":11,"column":22},"end":{"line":11,"column":42}},"6":{"start":{"line":12,"column":22},"end":{"line":12,"column":68}},"7":{"start":{"line":13,"column":21},"end":{"line":13,"column":59}},"8":{"start":{"line":13,"column":43},"end":{"line":13,"column":58}},"9":{"start":{"line":14,"column":4},"end":{"line":16,"column":5}},"10":{"start":{"line":15,"column":6},"end":{"line":15,"column":72}},"11":{"start":{"line":17,"column":4},"end":{"line":17,"column":20}},"12":{"start":{"line":25,"column":18},"end":{"line":25,"column":34}},"13":{"start":{"line":26,"column":16},"end":{"line":26,"column":30}},"14":{"start":{"line":28,"column":25},"end":{"line":28,"column":42}},"15":{"start":{"line":29,"column":18},"end":{"line":29,"column":40}},"16":{"start":{"line":30,"column":4},"end":{"line":33,"column":5}},"17":{"start":{"line":31,"column":6},"end":{"line":31,"column":50}},"18":{"start":{"line":32,"column":6},"end":{"line":32,"column":40}},"19":{"start":{"line":36,"column":42},"end":{"line":36,"column":44}},"20":{"start":{"line":37,"column":4},"end":{"line":40,"column":5}},"21":{"start":{"line":38,"column":24},"end":{"line":38,"column":70}},"22":{"start":{"line":39,"column":6},"end":{"line":39,"column":38}},"23":{"start":{"line":43,"column":4},"end":{"line":43,"column":80}},"24":{"start":{"line":43,"column":38},"end":{"line":43,"column":78}},"25":{"start":{"line":7,"column":13},"end":{"line":7,"column":28}},"26":{"start":{"line":7,"column":13},"end":{"line":45,"column":null}}},"fnMap":{"0":{"name":"(anonymous_3)","decl":{"start":{"line":8,"column":2},"end":{"line":8,"column":31}},"loc":{"start":{"line":8,"column":70},"end":{"line":8,"column":74}}},"1":{"name":"(anonymous_4)","decl":{"start":{"line":10,"column":2},"end":{"line":10,"column":7}},"loc":{"start":{"line":10,"column":39},"end":{"line":18,"column":3}}},"2":{"name":"(anonymous_5)","decl":{"start":{"line":13,"column":36},"end":{"line":13,"column":37}},"loc":{"start":{"line":13,"column":43},"end":{"line":13,"column":58}}},"3":{"name":"(anonymous_6)","decl":{"start":{"line":20,"column":2},"end":{"line":20,"column":7}},"loc":{"start":{"line":22,"column":19},"end":{"line":44,"column":3}}},"4":{"name":"(anonymous_7)","decl":{"start":{"line":43,"column":31},"end":{"line":43,"column":32}},"loc":{"start":{"line":43,"column":38},"end":{"line":43,"column":78}}}},"branchMap":{"0":{"loc":{"start":{"line":14,"column":4},"end":{"line":16,"column":5}},"type":"if","locations":[{"start":{"line":14,"column":4},"end":{"line":16,"column":5}},{"start":{},"end":{}}]},"1":{"loc":{"start":{"line":30,"column":11},"end":{"line":30,"column":64}},"type":"binary-expr","locations":[{"start":{"line":30,"column":11},"end":{"line":30,"column":32}},{"start":{"line":30,"column":36},"end":{"line":30,"column":64}}]},"2":{"loc":{"start":{"line":43,"column":38},"end":{"line":43,"column":78}},"type":"binary-expr","locations":[{"start":{"line":43,"column":38},"end":{"line":43,"column":57}},{"start":{"line":43,"column":61},"end":{"line":43,"column":78}}]},"3":{"loc":{"start":{"line":8,"column":48},"end":{"line":8,"column":73}},"type":"cond-expr","locations":[{"start":{"line":8,"column":70},"end":{"line":8,"column":73}},{"start":{"line":8,"column":70},"end":{"line":8,"column":73}}]},"4":{"loc":{"start":{"line":8,"column":48},"end":{"line":8,"column":70}},"type":"binary-expr","locations":[{"start":{"line":8,"column":48},"end":{"line":8,"column":73}},{"start":{"line":8,"column":48},"end":{"line":8,"column":70}}]}},"s":{"0":2,"1":2,"2":2,"3":2,"4":10,"5":4,"6":4,"7":4,"8":7,"9":4,"10":2,"11":2,"12":6,"13":6,"14":6,"15":6,"16":6,"17":10,"18":10,"19":6,"20":6,"21":10,"22":10,"23":6,"24":277,"25":2,"26":2},"f":{"0":10,"1":4,"2":7,"3":6,"4":277},"b":{"0":[2,2],"1":[16,6],"2":[277,174],"3":[2,0],"4":[2,2]}}
,"/Users/abudayah/www/iqama-engine/src/schedule-builder/schedule-builder.service.ts": {"path":"/Users/abudayah/www/iqama-engine/src/schedule-builder/schedule-builder.service.ts","statementMap":{"0":{"start":{"line":1,"column":0},"end":{"line":1,"column":44}},"1":{"start":{"line":2,"column":0},"end":{"line":2,"column":47}},"2":{"start":{"line":4,"column":0},"end":{"line":4,"column":29}},"3":{"start":{"line":5,"column":0},"end":{"line":5,"column":54}},"4":{"start":{"line":6,"column":0},"end":{"line":6,"column":54}},"5":{"start":{"line":7,"column":0},"end":{"line":7,"column":63}},"6":{"start":{"line":8,"column":0},"end":{"line":8,"column":50}},"7":{"start":{"line":9,"column":0},"end":{"line":9,"column":49}},"8":{"start":{"line":18,"column":26},"end":{"line":18,"column":56}},"9":{"start":{"line":20,"column":2},"end":{"line":20,"column":42}},"10":{"start":{"line":24,"column":7},"end":{"line":104,"column":null}},"11":{"start":{"line":28,"column":21},"end":{"line":28,"column":35}},"12":{"start":{"line":29,"column":21},"end":{"line":29,"column":35}},"13":{"start":{"line":30,"column":21},"end":{"line":30,"column":38}},"14":{"start":{"line":31,"column":21},"end":{"line":31,"column":36}},"15":{"start":{"line":33,"column":4},"end":{"line":33,"column":74}},"16":{"start":{"line":41,"column":15},"end":{"line":41,"column":28}},"17":{"start":{"line":44,"column":24},"end":{"line":44,"column":69}},"18":{"start":{"line":46,"column":39},"end":{"line":46,"column":41}},"19":{"start":{"line":48,"column":4},"end":{"line":96,"column":5}},"20":{"start":{"line":48,"column":19},"end":{"line":48,"column":20}},"21":{"start":{"line":49,"column":19},"end":{"line":49,"column":65}},"22":{"start":{"line":52,"column":22},"end":{"line":52,"column":55}},"23":{"start":{"line":53,"column":18},"end":{"line":53,"column":59}},"24":{"start":{"line":56,"column":24},"end":{"line":56,"column":76}},"25":{"start":{"line":59,"column":25},"end":{"line":59,"column":66}},"26":{"start":{"line":62,"column":48},"end":{"line":68,"column":8}},"27":{"start":{"line":72,"column":8},"end":{"line":72,"column":78}},"28":{"start":{"line":75,"column":24},"end":{"line":75,"column":42}},"29":{"start":{"line":76,"column":24},"end":{"line":76,"column":46}},"30":{"start":{"line":78,"column":38},"end":{"line":93,"column":8}},"31":{"start":{"line":95,"column":6},"end":{"line":95,"column":31}},"32":{"start":{"line":98,"column":4},"end":{"line":98,"column":21}},"33":{"start":{"line":102,"column":4},"end":{"line":102,"column":38}},"34":{"start":{"line":24,"column":13},"end":{"line":24,"column":35}},"35":{"start":{"line":24,"column":13},"end":{"line":104,"column":null}}},"fnMap":{"0":{"name":"toHijriDate","decl":{"start":{"line":16,"column":9},"end":{"line":16,"column":20}},"loc":{"start":{"line":16,"column":32},"end":{"line":21,"column":1}}},"1":{"name":"(anonymous_4)","decl":{"start":{"line":27,"column":2},"end":{"line":27,"column":null}},"loc":{"start":{"line":31,"column":49},"end":{"line":34,"column":3}}},"2":{"name":"(anonymous_5)","decl":{"start":{"line":40,"column":2},"end":{"line":40,"column":7}},"loc":{"start":{"line":40,"column":36},"end":{"line":99,"column":3}}},"3":{"name":"(anonymous_6)","decl":{"start":{"line":101,"column":2},"end":{"line":101,"column":7}},"loc":{"start":{"line":101,"column":34},"end":{"line":103,"column":3}}}},"branchMap":{"0":{"loc":{"start":{"line":28,"column":35},"end":{"line":28,"column":null}},"type":"cond-expr","locations":[{"start":{"line":28,"column":47},"end":{"line":28,"column":null}},{"start":{"line":28,"column":47},"end":{"line":28,"column":null}}]},"1":{"loc":{"start":{"line":28,"column":35},"end":{"line":28,"column":47}},"type":"binary-expr","locations":[{"start":{"line":28,"column":35},"end":{"line":28,"column":null}},{"start":{"line":28,"column":35},"end":{"line":28,"column":47}}]},"2":{"loc":{"start":{"line":28,"column":47},"end":{"line":29,"column":null}},"type":"cond-expr","locations":[{"start":{"line":29,"column":47},"end":{"line":29,"column":null}},{"start":{"line":29,"column":47},"end":{"line":29,"column":null}}]},"3":{"loc":{"start":{"line":28,"column":47},"end":{"line":29,"column":47}},"type":"binary-expr","locations":[{"start":{"line":28,"column":47},"end":{"line":29,"column":null}},{"start":{"line":29,"column":35},"end":{"line":29,"column":47}}]},"4":{"loc":{"start":{"line":29,"column":47},"end":{"line":30,"column":null}},"type":"cond-expr","locations":[{"start":{"line":30,"column":53},"end":{"line":30,"column":null}},{"start":{"line":30,"column":53},"end":{"line":30,"column":null}}]},"5":{"loc":{"start":{"line":29,"column":47},"end":{"line":30,"column":53}},"type":"binary-expr","locations":[{"start":{"line":29,"column":47},"end":{"line":30,"column":null}},{"start":{"line":30,"column":38},"end":{"line":30,"column":53}}]},"6":{"loc":{"start":{"line":30,"column":53},"end":{"line":31,"column":null}},"type":"cond-expr","locations":[{"start":{"line":31,"column":49},"end":{"line":31,"column":null}},{"start":{"line":31,"column":49},"end":{"line":31,"column":null}}]},"7":{"loc":{"start":{"line":30,"column":53},"end":{"line":31,"column":49}},"type":"binary-expr","locations":[{"start":{"line":30,"column":53},"end":{"line":31,"column":null}},{"start":{"line":31,"column":36},"end":{"line":31,"column":49}}]}},"s":{"0":3,"1":3,"2":3,"3":3,"4":3,"5":3,"6":3,"7":3,"8":179,"9":179,"10":3,"11":8,"12":8,"13":8,"14":8,"15":8,"16":6,"17":6,"18":6,"19":6,"20":6,"21":179,"22":179,"23":179,"24":179,"25":179,"26":179,"27":179,"28":179,"29":179,"30":179,"31":179,"32":6,"33":1,"34":3,"35":3},"f":{"0":179,"1":8,"2":6,"3":1},"b":{"0":[3,0],"1":[3,3],"2":[3,0],"3":[3,3],"4":[3,0],"5":[3,3],"6":[3,0],"7":[3,3]}}
}
