TN:
SF:src/dayjs.ts
FNF:0
FNH:0
DA:1,12
DA:2,12
DA:3,12
DA:5,12
DA:7,12
DA:8,12
DA:10,12
DA:12,12
LF:8
LH:8
BRF:0
BRH:0
end_of_record
TN:
SF:src/adhan/adhan.adapter.ts
FN:28,(anonymous_3)
FN:34,(anonymous_4)
FNF:2
FNH:2
FNDA:8,(anonymous_3)
FNDA:8,(anonymous_4)
DA:1,4
DA:2,4
DA:3,4
DA:11,4
DA:23,4
DA:28,8
DA:29,8
DA:30,8
DA:31,8
DA:35,8
DA:37,8
DA:38,8
DA:39,8
DA:41,8
DA:43,8
LF:15
LH:15
BRDA:28,0,0,4
BRDA:28,0,1,0
BRDA:28,1,0,4
BRDA:28,1,1,4
BRF:4
BRH:3
end_of_record
TN:
SF:src/admin/admin.controller.ts
FN:20,(anonymous_4)
FN:28,(anonymous_5)
FN:47,(anonymous_6)
FN:60,(anonymous_7)
FN:78,(anonymous_8)
FN:90,(anonymous_9)
FNF:6
FNH:0
FNDA:0,(anonymous_4)
FNDA:0,(anonymous_5)
FNDA:0,(anonymous_6)
FNDA:0,(anonymous_7)
FNDA:0,(anonymous_8)
FNDA:0,(anonymous_9)
DA:1,0
DA:13,0
DA:14,0
DA:15,0
DA:19,0
DA:20,0
DA:28,0
DA:29,0
DA:39,0
DA:47,0
DA:48,0
DA:52,0
DA:60,0
DA:61,0
DA:65,0
DA:66,0
DA:69,0
DA:78,0
DA:79,0
DA:90,0
DA:91,0
LF:21
LH:0
BRDA:65,0,0,0
BRDA:65,0,1,0
BRDA:28,1,0,0
BRDA:28,1,1,0
BRDA:28,2,0,0
BRDA:28,2,1,0
BRDA:20,3,0,0
BRDA:20,3,1,0
BRDA:20,4,0,0
BRDA:20,4,1,0
BRF:10
BRH:0
end_of_record
TN:
SF:src/auth/api-key.guard.ts
FN:12,(anonymous_2)
FN:14,(anonymous_3)
FNF:2
FNH:2
FNDA:6,(anonymous_2)
FNDA:9,(anonymous_3)
DA:1,1
DA:7,1
DA:11,1
DA:12,6
DA:15,9
DA:16,9
DA:18,9
DA:20,9
DA:21,2
DA:26,7
DA:27,4
DA:30,3
DA:31,2
DA:34,1
LF:14
LH:14
BRDA:20,0,0,2
BRDA:20,0,1,7
BRDA:26,1,0,4
BRDA:26,1,1,3
BRDA:30,2,0,2
BRDA:30,2,1,1
BRDA:12,3,0,1
BRDA:12,3,1,0
BRDA:12,4,0,1
BRDA:12,4,1,1
BRF:10
BRH:9
end_of_record
TN:
SF:src/config/app.config.ts
FN:3,(anonymous_0)
FNF:1
FNH:1
FNDA:4,(anonymous_0)
DA:1,1
DA:3,4
LF:2
LH:2
BRDA:5,0,0,4
BRDA:5,0,1,1
BRDA:6,1,0,4
BRDA:6,1,1,1
BRDA:7,2,0,4
BRDA:7,2,1,3
BRF:6
BRH:6
end_of_record
TN:
SF:src/health/health.controller.ts
FN:6,(anonymous_2)
FN:9,(anonymous_3)
FNF:2
FNH:2
FNDA:4,(anonymous_2)
FNDA:3,(anonymous_3)
DA:1,1
DA:2,1
DA:5,1
DA:6,4
DA:9,1
DA:10,3
DA:12,3
DA:14,1
DA:23,2
LF:9
LH:9
BRDA:30,0,0,1
BRDA:30,0,1,1
BRDA:6,1,0,1
BRDA:6,1,1,0
BRDA:6,2,0,1
BRDA:6,2,1,1
BRF:6
BRH:5
end_of_record
TN:
SF:src/override/override.service.ts
FN:20,(anonymous_2)
FN:22,(anonymous_3)
FN:41,(anonymous_4)
FNF:3
FNH:3
FNDA:9,(anonymous_2)
FNDA:2,(anonymous_3)
FNDA:6,(anonymous_4)
DA:1,4
DA:3,4
DA:5,4
DA:19,4
DA:20,9
DA:24,2
DA:26,2
DA:46,6
DA:47,6
DA:49,6
DA:50,6
DA:51,6
DA:52,4
DA:53,4
DA:54,2
DA:55,1
DA:56,1
DA:57,1
DA:58,1
DA:61,1
DA:66,6
LF:21
LH:21
BRDA:51,0,0,4
BRDA:51,0,1,2
BRDA:54,1,0,1
BRDA:54,1,1,1
BRDA:56,2,0,1
BRDA:56,2,1,0
BRDA:20,3,0,4
BRDA:20,3,1,0
BRDA:20,4,0,4
BRDA:20,4,1,4
BRF:10
BRH:8
end_of_record
TN:
SF:src/prisma/prisma.service.ts
FN:11,(anonymous_2)
FN:32,(anonymous_3)
FN:36,(anonymous_4)
FNF:3
FNH:3
FNDA:7,(anonymous_2)
FNDA:1,(anonymous_3)
FNDA:1,(anonymous_4)
DA:1,6
DA:2,6
DA:3,6
DA:4,6
DA:7,6
DA:12,7
DA:14,7
DA:15,1
DA:18,6
DA:20,6
DA:29,6
DA:33,1
DA:37,1
LF:13
LH:13
BRDA:14,0,0,1
BRDA:14,0,1,6
BRDA:22,1,0,6
BRDA:22,1,1,1
BRDA:11,2,0,6
BRDA:11,2,1,0
BRDA:11,3,0,6
BRDA:11,3,1,6
BRF:8
BRH:7
end_of_record
TN:
SF:src/rules/asr.rule.ts
FN:15,computeAsrIqama
FNF:1
FNH:1
FNDA:24,computeAsrIqama
DA:15,5
DA:16,24
DA:17,24
DA:20,24
DA:25,7
DA:29,17
DA:34,5
DA:38,12
DA:43,6
DA:47,6
LF:10
LH:10
BRDA:20,0,0,7
BRDA:20,0,1,17
BRDA:21,1,0,24
BRDA:21,1,1,3
BRDA:21,1,2,23
BRDA:21,1,3,15
BRDA:21,1,4,18
BRDA:21,1,5,3
BRDA:29,2,0,5
BRDA:29,2,1,12
BRDA:30,3,0,17
BRDA:30,3,1,2
BRDA:30,3,2,15
BRDA:30,3,3,14
BRDA:30,3,4,4
BRDA:38,4,0,6
BRDA:38,4,1,6
BRDA:39,5,0,12
BRDA:39,5,1,2
BRDA:39,5,2,10
BRDA:39,5,3,8
BRDA:39,5,4,4
BRF:22
BRH:22
end_of_record
TN:
SF:src/rules/dhuhr.rule.ts
FN:10,computeDhuhrIqama
FN:20,isDstActive
FNF:2
FNH:2
FNDA:7,computeDhuhrIqama
FNDA:185,isDstActive
DA:1,5
DA:10,5
DA:11,7
DA:12,7
DA:13,7
DA:14,7
DA:20,5
DA:21,185
DA:22,185
DA:23,185
LF:10
LH:10
BRDA:14,0,0,4
BRDA:14,0,1,3
BRF:2
BRH:2
end_of_record
TN:
SF:src/rules/fajr.rule.ts
FN:20,computeFajrIqama
FNF:1
FNH:1
FNDA:8,computeFajrIqama
DA:2,5
DA:20,5
DA:22,8
DA:23,8
DA:25,8
DA:26,8
DA:28,8
DA:32,8
DA:33,8
DA:34,1
DA:37,8
LF:11
LH:11
BRDA:28,0,0,3
BRDA:28,0,1,5
BRDA:33,1,0,1
BRDA:33,1,1,7
BRF:4
BRH:4
end_of_record
TN:
SF:src/rules/isha.rule.ts
FN:12,computeIshaIqama
FNF:1
FNH:1
FNDA:10,computeIshaIqama
DA:2,5
DA:12,5
DA:14,10
DA:16,10
DA:17,10
DA:18,10
DA:20,10
DA:21,10
DA:24,10
DA:25,2
DA:26,8
DA:27,3
DA:29,5
DA:30,5
DA:33,10
DA:34,10
DA:36,10
LF:17
LH:17
BRDA:24,0,0,2
BRDA:24,0,1,8
BRDA:26,1,0,3
BRDA:26,1,1,5
BRF:4
BRH:4
end_of_record
TN:
SF:src/rules/maghrib.rule.ts
FN:10,computeMaghribIqama
FNF:1
FNH:1
FNDA:8,computeMaghribIqama
DA:2,5
DA:10,5
DA:12,8
DA:13,8
LF:4
LH:4
BRF:0
BRH:0
end_of_record
TN:
SF:src/rules/rules.service.ts
FN:22,(anonymous_2)
FN:32,(anonymous_3)
FNF:2
FNH:2
FNDA:4,(anonymous_2)
FNDA:3,(anonymous_3)
DA:1,4
DA:2,4
DA:4,4
DA:5,4
DA:6,4
DA:7,4
DA:8,4
DA:19,4
DA:22,4
DA:23,4
DA:34,3
DA:37,3
DA:40,3
DA:43,3
DA:46,3
DA:48,3
LF:16
LH:16
BRDA:22,0,0,4
BRDA:22,0,1,0
BRDA:22,1,0,4
BRDA:22,1,1,4
BRF:4
BRH:3
end_of_record
TN:
SF:src/rules/time-utils.ts
FN:7,ceilingToNearest5
FN:19,ceilingToNearest30
FN:32,formatHHmm
FNF:3
FNH:3
FNDA:35,ceilingToNearest5
FNDA:11,ceilingToNearest30
FNDA:1125,formatHHmm
DA:7,9
DA:8,35
DA:9,35
DA:10,35
DA:11,35
DA:12,35
DA:19,9
DA:20,11
DA:21,11
DA:22,11
DA:23,11
DA:24,11
DA:32,9
DA:33,1125
LF:14
LH:14
BRDA:10,0,0,0
BRDA:10,0,1,35
BRDA:22,1,0,2
BRDA:22,1,1,9
BRF:4
BRH:3
end_of_record
TN:
SF:src/schedule/schedule.controller.ts
FN:8,(anonymous_4)
FN:11,(anonymous_5)
FNF:2
FNH:2
FNDA:10,(anonymous_4)
FNDA:16,(anonymous_5)
DA:1,1
DA:2,1
DA:3,1
DA:7,1
DA:8,10
DA:11,1
DA:14,16
DA:17,16
DA:18,6
DA:24,10
DA:25,4
DA:31,6
DA:32,2
DA:38,4
DA:39,2
DA:44,2
DA:45,1
DA:48,1
LF:18
LH:18
BRDA:17,0,0,6
BRDA:17,0,1,10
BRDA:17,1,0,16
BRDA:17,1,1,7
BRDA:17,1,2,3
BRDA:24,2,0,4
BRDA:24,2,1,6
BRDA:24,3,0,10
BRDA:24,3,1,5
BRDA:24,3,2,8
BRDA:24,3,3,5
BRDA:31,4,0,2
BRDA:31,4,1,4
BRDA:31,5,0,6
BRDA:31,5,1,5
BRDA:31,5,2,2
BRDA:38,6,0,2
BRDA:38,6,1,2
BRDA:38,7,0,4
BRDA:38,7,1,3
BRDA:38,7,2,3
BRDA:44,8,0,1
BRDA:44,8,1,1
BRDA:12,9,0,1
BRDA:12,9,1,0
BRDA:12,10,0,1
BRDA:12,10,1,1
BRDA:13,11,0,1
BRDA:13,11,1,0
BRDA:13,12,0,1
BRDA:13,12,1,1
BRDA:8,13,0,1
BRDA:8,13,1,0
BRDA:8,14,0,1
BRDA:8,14,1,1
BRF:35
BRH:32
end_of_record
TN:
SF:src/schedule/schedule.service.ts
FN:8,(anonymous_3)
FN:10,(anonymous_4)
FN:13,(anonymous_5)
FN:20,(anonymous_6)
FN:43,(anonymous_7)
FNF:5
FNH:5
FNDA:10,(anonymous_3)
FNDA:4,(anonymous_4)
FNDA:7,(anonymous_5)
FNDA:6,(anonymous_6)
FNDA:277,(anonymous_7)
DA:1,2
DA:2,2
DA:3,2
DA:7,2
DA:8,10
DA:11,4
DA:12,4
DA:13,7
DA:14,4
DA:15,2
DA:17,2
DA:25,6
DA:26,6
DA:28,6
DA:29,6
DA:30,6
DA:31,10
DA:32,10
DA:36,6
DA:37,6
DA:38,10
DA:39,10
DA:43,277
LF:23
LH:23
BRDA:14,0,0,2
BRDA:14,0,1,2
BRDA:30,1,0,16
BRDA:30,1,1,6
BRDA:43,2,0,277
BRDA:43,2,1,174
BRDA:8,3,0,2
BRDA:8,3,1,0
BRDA:8,4,0,2
BRDA:8,4,1,2
BRF:10
BRH:9
end_of_record
TN:
SF:src/schedule-builder/schedule-builder.service.ts
FN:16,toHijriDate
FN:27,(anonymous_4)
FN:40,(anonymous_5)
FN:101,(anonymous_6)
FNF:4
FNH:4
FNDA:179,toHijriDate
FNDA:8,(anonymous_4)
FNDA:6,(anonymous_5)
FNDA:1,(anonymous_6)
DA:1,3
DA:2,3
DA:4,3
DA:5,3
DA:6,3
DA:7,3
DA:8,3
DA:9,3
DA:18,179
DA:20,179
DA:24,3
DA:28,8
DA:29,8
DA:30,8
DA:31,8
DA:33,8
DA:41,6
DA:44,6
DA:46,6
DA:48,6
DA:49,179
DA:52,179
DA:53,179
DA:56,179
DA:59,179
DA:62,179
DA:72,179
DA:75,179
DA:76,179
DA:78,179
DA:95,179
DA:98,6
DA:102,1
LF:33
LH:33
BRDA:28,0,0,3
BRDA:28,0,1,0
BRDA:28,1,0,3
BRDA:28,1,1,3
BRDA:28,2,0,3
BRDA:28,2,1,0
BRDA:28,3,0,3
BRDA:28,3,1,3
BRDA:29,4,0,3
BRDA:29,4,1,0
BRDA:29,5,0,3
BRDA:29,5,1,3
BRDA:30,6,0,3
BRDA:30,6,1,0
BRDA:30,7,0,3
BRDA:30,7,1,3
BRF:16
BRH:12
end_of_record
